nohup: ignoring input

  .   ____          _            __ _ _
 /\\ / ___'_ __ _ _(_)_ __  __ _ \ \ \ \
( ( )\___ | '_ | '_| | '_ \/ _` | \ \ \ \
 \\/  ___)| |_)| | | | | || (_| |  ) ) ) )
  '  |____| .__|_| |_|_| |_\__, | / / / /
 =========|_|==============|___/=/_/_/_/
 :: Spring Boot ::                (v3.2.0)

2025-08-30T12:22:36.237Z  INFO 11953 --- [           main] com.ambar.rmm.RmmApplication             : Starting RmmApplication v0.0.1-SNAPSHOT using Java 17.0.16 with PID 11953 (/home/ubuntu/manual-three-tier-aws-based-application/Manual-Three-Tier-Application/backend/target/rmm-backend-0.0.1-SNAPSHOT.jar started by ubuntu in /home/ubuntu/manual-three-tier-aws-based-application/Manual-Three-Tier-Application/backend)
2025-08-30T12:22:36.243Z  INFO 11953 --- [           main] com.ambar.rmm.RmmApplication             : No active profile set, falling back to 1 default profile: "default"
2025-08-30T12:22:39.016Z  INFO 11953 --- [           main] .s.d.r.c.RepositoryConfigurationDelegate : Bootstrapping Spring Data JPA repositories in DEFAULT mode.
2025-08-30T12:22:39.192Z  INFO 11953 --- [           main] .s.d.r.c.RepositoryConfigurationDelegate : Finished Spring Data repository scanning in 157 ms. Found 2 JPA repository interfaces.
2025-08-30T12:22:41.516Z  INFO 11953 --- [           main] o.s.b.w.embedded.tomcat.TomcatWebServer  : Tomcat initialized with port 8081 (http)
2025-08-30T12:22:41.542Z  INFO 11953 --- [           main] o.apache.catalina.core.StandardService   : Starting service [Tomcat]
2025-08-30T12:22:41.543Z  INFO 11953 --- [           main] o.apache.catalina.core.StandardEngine    : Starting Servlet engine: [Apache Tomcat/10.1.16]
2025-08-30T12:22:41.870Z  INFO 11953 --- [           main] o.a.c.c.C.[Tomcat].[localhost].[/]       : Initializing Spring embedded WebApplicationContext
2025-08-30T12:22:41.874Z  INFO 11953 --- [           main] w.s.c.ServletWebServerApplicationContext : Root WebApplicationContext: initialization completed in 5491 ms
2025-08-30T12:22:43.562Z  INFO 11953 --- [           main] o.hibernate.jpa.internal.util.LogHelper  : HHH000204: Processing PersistenceUnitInfo [name: default]
2025-08-30T12:22:43.739Z  INFO 11953 --- [           main] org.hibernate.Version                    : HHH000412: Hibernate ORM core version 6.3.1.Final
2025-08-30T12:22:43.842Z  INFO 11953 --- [           main] o.h.c.internal.RegionFactoryInitiator    : HHH000026: Second-level cache disabled
2025-08-30T12:22:44.543Z  INFO 11953 --- [           main] o.s.o.j.p.SpringPersistenceUnitInfo      : No LoadTimeWeaver setup: ignoring JPA class transformer
2025-08-30T12:22:44.606Z  INFO 11953 --- [           main] com.zaxxer.hikari.HikariDataSource       : HikariPool-1 - Starting...
2025-08-30T12:22:45.072Z  INFO 11953 --- [           main] com.zaxxer.hikari.pool.HikariPool        : HikariPool-1 - Added connection com.mysql.cj.jdbc.ConnectionImpl@60b553f
2025-08-30T12:22:45.076Z  INFO 11953 --- [           main] com.zaxxer.hikari.HikariDataSource       : HikariPool-1 - Start completed.
2025-08-30T12:22:45.213Z  WARN 11953 --- [           main] org.hibernate.orm.deprecation            : HHH90000025: MySQLDialect does not need to be specified explicitly using 'hibernate.dialect' (remove the property setting and it will be selected by default)
2025-08-30T12:22:47.369Z  INFO 11953 --- [           main] o.h.e.t.j.p.i.JtaPlatformInitiator       : HHH000489: No JTA platform available (set 'hibernate.transaction.jta.platform' to enable JTA platform integration)
2025-08-30T12:22:47.491Z  INFO 11953 --- [           main] j.LocalContainerEntityManagerFactoryBean : Initialized JPA EntityManagerFactory for persistence unit 'default'
2025-08-30T12:22:48.985Z  WARN 11953 --- [           main] JpaBaseConfiguration$JpaWebConfiguration : spring.jpa.open-in-view is enabled by default. Therefore, database queries may be performed during view rendering. Explicitly configure spring.jpa.open-in-view to disable this warning
2025-08-30T12:22:51.105Z  INFO 11953 --- [           main] o.s.b.a.e.web.EndpointLinksResolver      : Exposing 1 endpoint(s) beneath base path '/actuator'
2025-08-30T12:22:51.351Z  INFO 11953 --- [           main] o.s.b.w.embedded.tomcat.TomcatWebServer  : Tomcat started on port 8081 (http) with context path ''
2025-08-30T12:22:51.394Z  INFO 11953 --- [           main] com.ambar.rmm.RmmApplication             : Started RmmApplication in 16.278 seconds (process running for 17.787)
2025-08-30T12:22:54.208Z  INFO 11953 --- [nio-8081-exec-1] o.a.c.c.C.[Tomcat].[localhost].[/]       : Initializing Spring DispatcherServlet 'dispatcherServlet'
2025-08-30T12:22:54.209Z  INFO 11953 --- [nio-8081-exec-1] o.s.web.servlet.DispatcherServlet        : Initializing Servlet 'dispatcherServlet'
2025-08-30T12:22:54.213Z  INFO 11953 --- [nio-8081-exec-1] o.s.web.servlet.DispatcherServlet        : Completed initialization in 2 ms
Hibernate: select a1_0.id,a1_0.ip_address,a1_0.name,a1_0.status from agents a1_0
Hibernate: select a1_0.id,a1_0.ip_address,a1_0.name,a1_0.status from agents a1_0
Hibernate: select a1_0.id,a1_0.ip_address,a1_0.name,a1_0.status from agents a1_0
Hibernate: select a1_0.id,a1_0.ip_address,a1_0.name,a1_0.status from agents a1_0
Hibernate: select a1_0.id,a1_0.ip_address,a1_0.name,a1_0.status from agents a1_0
Hibernate: select a1_0.id,a1_0.ip_address,a1_0.name,a1_0.status from agents a1_0
Hibernate: insert into agents (ip_address,name,status) values (?,?,?)
Hibernate: select a1_0.id,a1_0.ip_address,a1_0.name,a1_0.status from agents a1_0
Hibernate: insert into agents (ip_address,name,status) values (?,?,?)
Hibernate: select a1_0.id,a1_0.ip_address,a1_0.name,a1_0.status from agents a1_0
Hibernate: insert into agents (ip_address,name,status) values (?,?,?)
Hibernate: select a1_0.id,a1_0.ip_address,a1_0.name,a1_0.status from agents a1_0
Hibernate: select a1_0.id,a1_0.ip_address,a1_0.name,a1_0.status from agents a1_0
Hibernate: select a1_0.id,a1_0.ip_address,a1_0.name,a1_0.status from agents a1_0
